<?xml version="1.0" encoding="UTF-8"?>
<testng-results ignored="0" total="2" passed="2" failed="0" skipped="0">
  <reporter-output>
  </reporter-output>
  <suite started-at="2022-05-02T11:51:25 EDT" name="RegressionSuite" finished-at="2022-05-02T11:51:40 EDT" duration-ms="15225">
    <groups>
    </groups>
    <test started-at="2022-05-02T11:51:25 EDT" name="TC001_Login_Test" finished-at="2022-05-02T11:51:35 EDT" duration-ms="10183">
      <class name="com.OrangeHRM.testCases.TC001_Login_Test">
        <test-method is-config="true" signature="setup(java.lang.String)[pri:0, instance:com.OrangeHRM.testCases.TC001_Login_Test@550a1967]" started-at="2022-05-02T11:51:25 EDT" name="setup" finished-at="2022-05-02T11:51:32 EDT" duration-ms="7157" status="PASS">
          <params>
            <param index="0">
              <value>
                <![CDATA[chrome]]>
              </value>
            </param>
          </params>
          <reporter-output>
          </reporter-output>
        </test-method> <!-- setup -->
        <test-method signature="loginTest()[pri:0, instance:com.OrangeHRM.testCases.TC001_Login_Test@550a1967]" started-at="2022-05-02T11:51:32 EDT" name="loginTest" finished-at="2022-05-02T11:51:34 EDT" duration-ms="2446" status="PASS">
          <reporter-output>
          </reporter-output>
        </test-method> <!-- loginTest -->
        <test-method is-config="true" signature="teardown()[pri:0, instance:com.OrangeHRM.testCases.TC001_Login_Test@550a1967]" started-at="2022-05-02T11:51:34 EDT" name="teardown" finished-at="2022-05-02T11:51:35 EDT" duration-ms="382" status="PASS">
          <reporter-output>
          </reporter-output>
        </test-method> <!-- teardown -->
      </class> <!-- com.OrangeHRM.testCases.TC001_Login_Test -->
    </test> <!-- TC001_Login_Test -->
    <test started-at="2022-05-02T11:51:36 EDT" name="TC002_CheckApplicationTitile" finished-at="2022-05-02T11:51:40 EDT" duration-ms="4112">
      <class name="com.OrangeHRM.testCases.TC002_CheckApplicationTitile">
        <test-method is-config="true" signature="setup(java.lang.String)[pri:0, instance:com.OrangeHRM.testCases.TC002_CheckApplicationTitile@340b9973]" started-at="2022-05-02T11:51:36 EDT" name="setup" finished-at="2022-05-02T11:51:39 EDT" duration-ms="3193" status="PASS">
          <params>
            <param index="0">
              <value>
                <![CDATA[chrome]]>
              </value>
            </param>
          </params>
          <reporter-output>
          </reporter-output>
        </test-method> <!-- setup -->
        <test-method signature="checkAppTitle()[pri:0, instance:com.OrangeHRM.testCases.TC002_CheckApplicationTitile@340b9973]" started-at="2022-05-02T11:51:39 EDT" name="checkAppTitle" finished-at="2022-05-02T11:51:39 EDT" duration-ms="664" status="PASS">
          <reporter-output>
          </reporter-output>
        </test-method> <!-- checkAppTitle -->
        <test-method is-config="true" signature="teardown()[pri:0, instance:com.OrangeHRM.testCases.TC002_CheckApplicationTitile@340b9973]" started-at="2022-05-02T11:51:39 EDT" name="teardown" finished-at="2022-05-02T11:51:40 EDT" duration-ms="246" status="PASS">
          <reporter-output>
          </reporter-output>
        </test-method> <!-- teardown -->
      </class> <!-- com.OrangeHRM.testCases.TC002_CheckApplicationTitile -->
    </test> <!-- TC002_CheckApplicationTitile -->
  </suite> <!-- RegressionSuite -->
</testng-results>
